<?xml version="1.0" encoding="UTF-8"?>
<!-- Generated by org.testng.reporters.JUnitXMLReporter -->
<testsuite ignored="3" hostname="DESKTOP-CABBH8E" failures="0" tests="6" name="Demo Test 3" time="0.093" errors="0" timestamp="2025-06-06T13:52:04 TRT">
  <testcase classname="Test_Package.Basic_TestNG" name="Demo" time="0.008"/>
  <testcase classname="Test_Package.Basic_TestNG" name="SecondDemo" time="0.002"/>
  <testcase classname="Test_Package.Basic_TestNG_3" name="LoginAPIHome" time="0.003"/>
  <testcase classname="Test_Package.Basic_TestNG_3" name="WebLoginHome" time="0.003"/>
  <testcase classname="Test_Package.Basic_TestNG_4" name="MobileAppLogin" time="0.002"/>
  <testcase classname="Test_Package.Basic_TestNG_4" name="WebLogin" time="0.001"/>
  <testcase classname="Test_Package.Basic_TestNG_2" name="SecondDemo" time="0.0">
    <ignored/>
  </testcase> <!-- SecondDemo -->
  <testcase classname="Test_Package.Basic_TestNG_3" name="MobileAppLoginHome" time="0.0">
    <ignored/>
  </testcase> <!-- MobileAppLoginHome -->
  <testcase classname="Test_Package.Basic_TestNG_4" name="LoginAPI" time="0.0">
    <ignored/>
  </testcase> <!-- LoginAPI -->
</testsuite> <!-- Demo Test 3 -->
