<?xml version="1.0" encoding="UTF-8"?>
<!-- Generated by org.testng.reporters.JUnitXMLReporter -->
<testsuite ignored="1" hostname="DESKTOP-CABBH8E" failures="0" tests="5" name="Home" time="0.142" errors="0" timestamp="2025-06-06T16:54:08 TRT">
  <testcase classname="Test_Package.Basic_TestNG_3" name="LoginAPIHome" time="0.015"/>
  <testcase classname="Test_Package.Basic_TestNG_3" name="MobileAppLoginHome" time="0.004"/>
  <testcase classname="Test_Package.Basic_TestNG_3" name="TestDataProvider" time="0.003"/>
  <testcase classname="Test_Package.Basic_TestNG_3" name="TestDataProvider" time="0.003"/>
  <testcase classname="Test_Package.Basic_TestNG_3" name="TestDataProvider" time="0.005"/>
  <testcase classname="Test_Package.Basic_TestNG_3" name="WebLoginHome" time="0.0">
    <ignored/>
  </testcase> <!-- WebLoginHome -->
</testsuite> <!-- Home -->
