<?xml version="1.0" encoding="UTF-8"?>
<!-- Generated by org.testng.reporters.JUnitXMLReporter -->
<testsuite ignored="0" hostname="DESKTOP-CABBH8E" failures="0" tests="3" name="Default test" time="0.855" errors="0" timestamp="2025-06-26T14:32:07 TRT">
  <testcase classname="dataDriven.excelDataProvider.dataProvider" name="testCaseData" time="0.013"/>
  <testcase classname="dataDriven.excelDataProvider.dataProvider" name="testCaseData" time="0.003"/>
  <testcase classname="dataDriven.excelDataProvider.dataProvider" name="testCaseData" time="0.002"/>
</testsuite> <!-- Default test -->
