<?xml version="1.0" encoding="UTF-8"?>
<testng-results ignored="0" total="3" passed="3" failed="0" skipped="0">
  <reporter-output>
  </reporter-output>
  <suite started-at="2025-06-26T14:32:06 TRT" name="Default suite" finished-at="2025-06-26T14:32:07 TRT" duration-ms="855">
    <groups>
    </groups>
    <test started-at="2025-06-26T14:32:06 TRT" name="Default test" finished-at="2025-06-26T14:32:07 TRT" duration-ms="855">
      <class name="dataDriven.excelDataProvider.dataProvider">
        <test-method signature="testCaseData(java.lang.String,java.lang.String,java.lang.String)[pri:0, instance:dataDriven.excelDataProvider.dataProvider@46fa7c39]" started-at="2025-06-26T14:32:07 TRT" name="testCaseData" data-provider="driveTest" finished-at="2025-06-26T14:32:07 TRT" duration-ms="13" status="PASS">
          <params>
            <param index="0">
              <value>
                <![CDATA[hello]]>
              </value>
            </param>
            <param index="1">
              <value>
                <![CDATA[text 1]]>
              </value>
            </param>
            <param index="2">
              <value>
                <![CDATA[1]]>
              </value>
            </param>
          </params>
          <reporter-output>
          </reporter-output>
        </test-method> <!-- testCaseData -->
        <test-method signature="testCaseData(java.lang.String,java.lang.String,java.lang.String)[pri:0, instance:dataDriven.excelDataProvider.dataProvider@46fa7c39]" started-at="2025-06-26T14:32:07 TRT" name="testCaseData" data-provider="driveTest" finished-at="2025-06-26T14:32:07 TRT" duration-ms="3" status="PASS">
          <params>
            <param index="0">
              <value>
                <![CDATA[bye]]>
              </value>
            </param>
            <param index="1">
              <value>
                <![CDATA[text 2]]>
              </value>
            </param>
            <param index="2">
              <value>
                <![CDATA[10]]>
              </value>
            </param>
          </params>
          <reporter-output>
          </reporter-output>
        </test-method> <!-- testCaseData -->
        <test-method signature="testCaseData(java.lang.String,java.lang.String,java.lang.String)[pri:0, instance:dataDriven.excelDataProvider.dataProvider@46fa7c39]" started-at="2025-06-26T14:32:07 TRT" name="testCaseData" data-provider="driveTest" finished-at="2025-06-26T14:32:07 TRT" duration-ms="2" status="PASS">
          <params>
            <param index="0">
              <value>
                <![CDATA[han solo]]>
              </value>
            </param>
            <param index="1">
              <value>
                <![CDATA[text 3]]>
              </value>
            </param>
            <param index="2">
              <value>
                <![CDATA[100]]>
              </value>
            </param>
          </params>
          <reporter-output>
          </reporter-output>
        </test-method> <!-- testCaseData -->
      </class> <!-- dataDriven.excelDataProvider.dataProvider -->
    </test> <!-- Default test -->
  </suite> <!-- Default suite -->
</testng-results>
