<?xml version="1.0" encoding="UTF-8"?>
<testng-results ignored="0" total="1" passed="1" failed="0" skipped="0">
  <reporter-output>
  </reporter-output>
  <suite started-at="2025-06-08T15:40:14 TRT" name="Default suite" finished-at="2025-06-08T15:40:19 TRT" duration-ms="4955">
    <groups>
    </groups>
    <test started-at="2025-06-08T15:40:14 TRT" name="Default test" finished-at="2025-06-08T15:40:19 TRT" duration-ms="4955">
      <class name="Dani.ExtentReportsDemo.ExtentReport">
        <test-method is-config="true" signature="config()[pri:0, instance:Dani.ExtentReportsDemo.ExtentReport@3c41ed1d]" started-at="2025-06-08T15:40:14 TRT" name="config" finished-at="2025-06-08T15:40:15 TRT" duration-ms="230" status="PASS">
          <reporter-output>
          </reporter-output>
        </test-method> <!-- config -->
        <test-method signature="initialDemo()[pri:0, instance:Dani.ExtentReportsDemo.ExtentReport@3c41ed1d]" started-at="2025-06-08T15:40:15 TRT" name="initialDemo" finished-at="2025-06-08T15:40:19 TRT" duration-ms="4686" status="PASS">
          <reporter-output>
          </reporter-output>
        </test-method> <!-- initialDemo -->
      </class> <!-- Dani.ExtentReportsDemo.ExtentReport -->
    </test> <!-- Default test -->
  </suite> <!-- Default suite -->
</testng-results>
