<?xml version="1.0" encoding="UTF-8"?>
<testng-results ignored="0" total="2" passed="2" failed="0" skipped="0">
  <reporter-output>
  </reporter-output>
  <suite started-at="2025-06-29T15:18:18 TRT" name="Default suite" finished-at="2025-06-29T15:18:18 TRT" duration-ms="76">
    <groups>
    </groups>
    <test started-at="2025-06-29T15:18:18 TRT" name="Default test" finished-at="2025-06-29T15:18:18 TRT" duration-ms="76">
      <class name="DemoMaven2.MavenJava.SeleniumTest">
        <test-method signature="Selenium1()[pri:0, instance:DemoMaven2.MavenJava.SeleniumTest@6c64cb25]" started-at="2025-06-29T15:18:18 TRT" name="Selenium1" finished-at="2025-06-29T15:18:18 TRT" duration-ms="13" status="PASS">
          <reporter-output>
          </reporter-output>
        </test-method> <!-- Selenium1 -->
        <test-method signature="Selenium2()[pri:0, instance:DemoMaven2.MavenJava.SeleniumTest@6c64cb25]" started-at="2025-06-29T15:18:18 TRT" name="Selenium2" finished-at="2025-06-29T15:18:18 TRT" duration-ms="2" status="PASS">
          <reporter-output>
          </reporter-output>
        </test-method> <!-- Selenium2 -->
      </class> <!-- DemoMaven2.MavenJava.SeleniumTest -->
    </test> <!-- Default test -->
  </suite> <!-- Default suite -->
</testng-results>
