<?xml version="1.0" encoding="UTF-8"?>
<testng-results ignored="0" total="1" passed="1" failed="0" skipped="0">
  <reporter-output>
  </reporter-output>
  <suite started-at="2025-06-06T17:44:02 TRT" name="Default suite" finished-at="2025-06-06T17:44:03 TRT" duration-ms="57">
    <groups>
    </groups>
    <test started-at="2025-06-06T17:44:02 TRT" name="Default test" finished-at="2025-06-06T17:44:03 TRT" duration-ms="57">
      <class name="Parent_Class_2">
        <test-method is-config="true" signature="beforeRun()[pri:0, instance:Parent_Class_2@1d2adfbe]" started-at="2025-06-06T17:44:03 TRT" name="beforeRun" finished-at="2025-06-06T17:44:03 TRT" duration-ms="9" status="PASS">
          <reporter-output>
          </reporter-output>
        </test-method> <!-- beforeRun -->
        <test-method signature="testRun()[pri:0, instance:Parent_Class_2@1d2adfbe]" started-at="2025-06-06T17:44:03 TRT" name="testRun" finished-at="2025-06-06T17:44:03 TRT" duration-ms="8" status="PASS">
          <reporter-output>
          </reporter-output>
        </test-method> <!-- testRun -->
        <test-method is-config="true" signature="afterRun()[pri:0, instance:Parent_Class_2@1d2adfbe]" started-at="2025-06-06T17:44:03 TRT" name="afterRun" finished-at="2025-06-06T17:44:03 TRT" duration-ms="1" status="PASS">
          <reporter-output>
          </reporter-output>
        </test-method> <!-- afterRun -->
      </class> <!-- Parent_Class_2 -->
    </test> <!-- Default test -->
  </suite> <!-- Default suite -->
</testng-results>
