<?xml version="1.0" encoding="UTF-8"?>
<testng-results ignored="0" total="2" passed="2" failed="0" skipped="0">
  <reporter-output>
  </reporter-output>
  <suite started-at="2025-06-25T15:38:24 TRT" name="Suite" finished-at="2025-06-25T15:38:30 TRT" duration-ms="6255">
    <groups>
    </groups>
    <test started-at="2025-06-25T15:38:24 TRT" name="Test" finished-at="2025-06-25T15:38:30 TRT" duration-ms="6255">
      <class name="GoogleTest">
        <test-method signature="HomePageCheck()[pri:0, instance:GoogleTest@59662a0b]" started-at="2025-06-25T15:38:24 TRT" name="HomePageCheck" finished-at="2025-06-25T15:38:29 TRT" duration-ms="4796" status="PASS">
          <reporter-output>
          </reporter-output>
        </test-method> <!-- HomePageCheck -->
      </class> <!-- GoogleTest -->
      <class name="RSATest">
        <test-method signature="HomePageCheck()[pri:0, instance:RSATest@4550bb58]" started-at="2025-06-25T15:38:24 TRT" name="HomePageCheck" finished-at="2025-06-25T15:38:30 TRT" duration-ms="6199" status="PASS">
          <reporter-output>
          </reporter-output>
        </test-method> <!-- HomePageCheck -->
      </class> <!-- RSATest -->
    </test> <!-- Test -->
  </suite> <!-- Suite -->
</testng-results>
