<?xml version="1.0" encoding="UTF-8"?>
<testng-results ignored="0" total="1" passed="1" failed="0" skipped="0">
  <reporter-output>
  </reporter-output>
  <suite started-at="2025-06-26T14:16:52 TRT" name="Default suite" finished-at="2025-06-26T14:16:53 TRT" duration-ms="787">
    <groups>
    </groups>
    <test started-at="2025-06-26T14:16:52 TRT" name="Default test" finished-at="2025-06-26T14:16:53 TRT" duration-ms="787">
      <class name="excel">
        <test-method signature="getExcelData()[pri:0, instance:excel@10e31a9a]" started-at="2025-06-26T14:16:52 TRT" name="getExcelData" finished-at="2025-06-26T14:16:53 TRT" duration-ms="747" status="PASS">
          <reporter-output>
          </reporter-output>
        </test-method> <!-- getExcelData -->
      </class> <!-- excel -->
    </test> <!-- Default test -->
  </suite> <!-- Default suite -->
</testng-results>
